\BOOKMARK [0][-]{chapter*.1}{\376\377\000R\000e\000s\000u\000m\000o}{}% 1
\BOOKMARK [0][-]{chapter*.2}{\376\377\000S\000u\000m\000m\000a\000r\000y}{}% 2
\BOOKMARK [0][-]{chapter*.3}{\376\377\000A\000c\000k\000n\000o\000w\000l\000e\000d\000g\000e\000m\000e\000n\000t\000s}{}% 3
\BOOKMARK [0][-]{chapter*.4}{\376\377\000P\000r\000e\000f\000a\000c\000e}{}% 4
\BOOKMARK [0][-]{chapter*.4}{\376\377\000L\000i\000s\000t\000\040\000o\000f\000\040\000F\000i\000g\000u\000r\000e\000s}{}% 5
\BOOKMARK [0][-]{chapter*.4}{\376\377\000L\000i\000s\000t\000\040\000o\000f\000\040\000T\000a\000b\000l\000e\000s}{}% 6
\BOOKMARK [0][-]{chapter*.4}{\376\377\000L\000i\000s\000t\000\040\000o\000f\000\040\000E\000q\000u\000a\000t\000i\000o\000n\000s}{}% 7
\BOOKMARK [0][-]{section*.5}{\376\377\000A\000b\000b\000r\000e\000v\000i\000a\000t\000i\000o\000n\000s\000,\000\040\000a\000c\000r\000o\000n\000y\000m\000s\000,\000\040\000i\000n\000n\000i\000t\000i\000a\000l\000i\000s\000m\000s\000,\000\040\000a\000n\000d\000\040\000s\000y\000m\000b\000o\000l\000s}{}% 8
\BOOKMARK [0][-]{chapter.1}{\376\377\000I\000n\000t\000r\000o\000d\000u\000c\000t\000i\000o\000n}{}% 9
\BOOKMARK [1][-]{section.1.1}{\376\377\000S\000t\000r\000e\000s\000s\000\040\000G\000r\000a\000n\000u\000l\000e\000s}{chapter.1}% 10
\BOOKMARK [2][-]{subsection.1.1.1}{\376\377\000W\000h\000a\000t\000\040\000a\000r\000e\000\040\000S\000t\000r\000e\000s\000s\000\040\000G\000r\000a\000n\000u\000l\000e\000s\000?}{section.1.1}% 11
\BOOKMARK [2][-]{subsection.1.1.2}{\376\377\000A\000\040\000b\000r\000i\000e\000f\000\040\000h\000i\000s\000t\000o\000r\000y\000\040\000o\000f\000\040\000S\000t\000r\000e\000s\000s\000\040\000G\000r\000a\000n\000u\000l\000e\000s}{section.1.1}% 12
\BOOKMARK [2][-]{subsection.1.1.3}{\376\377\000S\000t\000r\000e\000s\000s\000\040\000G\000r\000a\000n\000u\000l\000e\000\040\000A\000s\000s\000e\000m\000b\000l\000y\000\040\000a\000n\000d\000\040\000D\000i\000s\000a\000s\000s\000e\000m\000b\000l\000y}{section.1.1}% 13
\BOOKMARK [2][-]{subsection.1.1.4}{\376\377\000F\000u\000n\000c\000t\000i\000o\000n\000s\000\040\000o\000f\000\040\000S\000t\000r\000e\000s\000s\000\040\000G\000r\000a\000n\000u\000l\000e\000s}{section.1.1}% 14
\BOOKMARK [2][-]{subsection.1.1.5}{\376\377\000S\000t\000r\000e\000s\000s\000\040\000G\000r\000a\000n\000u\000l\000e\000s\000\040\000i\000n\000\040\000D\000i\000s\000e\000a\000s\000e}{section.1.1}% 15
\BOOKMARK [1][-]{section.1.2}{\376\377\000R\000N\000A\000-\000B\000i\000n\000d\000i\000n\000g\000\040\000P\000r\000o\000t\000e\000i\000n\000s}{chapter.1}% 16
\BOOKMARK [2][-]{subsection.1.2.1}{\376\377\000W\000h\000a\000t\000\040\000a\000r\000e\000\040\000R\000N\000A\000-\000B\000i\000n\000d\000i\000n\000g\000\040\000P\000r\000o\000t\000e\000i\000n\000s\000?}{section.1.2}% 17
\BOOKMARK [2][-]{subsection.1.2.2}{\376\377\000F\000u\000n\000c\000t\000i\000o\000n\000s\000\040\000o\000f\000\040\000R\000N\000A\000-\000B\000i\000n\000d\000i\000n\000g\000\040\000P\000r\000o\000t\000e\000i\000n\000s}{section.1.2}% 18
\BOOKMARK [2][-]{subsection.1.2.3}{\376\377\000R\000B\000P\000s\000\040\000a\000n\000d\000\040\000S\000p\000l\000i\000c\000i\000n\000g}{section.1.2}% 19
\BOOKMARK [1][-]{section.1.3}{\376\377\000M\000i\000t\000o\000c\000h\000o\000n\000d\000r\000i\000a}{chapter.1}% 20
\BOOKMARK [2][-]{subsection.1.3.1}{\376\377\000W\000h\000a\000t\000\040\000i\000s\000\040\000a\000\040\000M\000i\000t\000o\000c\000h\000o\000n\000d\000r\000i\000o\000n\000?}{section.1.3}% 21
\BOOKMARK [2][-]{subsection.1.3.2}{\376\377\000T\000h\000e\000\040\000M\000i\000t\000o\000c\000h\000o\000n\000d\000r\000i\000a\000l\000\040\000G\000e\000n\000o\000m\000e}{section.1.3}% 22
\BOOKMARK [2][-]{subsection.1.3.3}{\376\377\000F\000u\000n\000c\000t\000i\000o\000n\000s\000\040\000o\000f\000\040\000t\000h\000e\000\040\000M\000i\000t\000o\000c\000h\000o\000n\000d\000r\000i\000o\000n}{section.1.3}% 23
\BOOKMARK [2][-]{subsection.1.3.4}{\376\377\000T\000h\000e\000\040\000M\000i\000t\000o\000c\000h\000o\000n\000d\000r\000i\000o\000n\000\040\000a\000n\000d\000\040\000I\000n\000f\000l\000a\000m\000m\000a\000t\000i\000o\000n}{section.1.3}% 24
\BOOKMARK [1][-]{section.1.4}{\376\377\000T\000r\000a\000n\000s\000c\000r\000i\000p\000t\000o\000m\000i\000c\000s}{chapter.1}% 25
\BOOKMARK [2][-]{subsection.1.4.1}{\376\377\000W\000h\000a\000t\000\040\000i\000s\000\040\000T\000r\000a\000n\000s\000c\000r\000i\000p\000t\000o\000m\000i\000c\000s\000?}{section.1.4}% 26
\BOOKMARK [2][-]{subsection.1.4.2}{\376\377\000W\000h\000y\000\040\000T\000r\000a\000n\000s\000c\000r\000i\000p\000t\000o\000m\000i\000c\000s\000?}{section.1.4}% 27
\BOOKMARK [2][-]{subsection.1.4.3}{\376\377\000A\000\040\000B\000r\000i\000e\000f\000\040\000I\000n\000t\000r\000o\000d\000u\000c\000t\000i\000o\000n\000\040\000t\000o\000\040\000R\000N\000A\000-\000S\000e\000q\000u\000e\000n\000c\000i\000n\000g}{section.1.4}% 28
\BOOKMARK [0][-]{chapter.2}{\376\377\000O\000b\000j\000e\000c\000t\000i\000v\000e\000s}{}% 29
\BOOKMARK [1][-]{section.2.1}{\376\377\000S\000G\000s\000\040\000a\000s\000\040\000N\000o\000v\000e\000l\000\040\000T\000a\000r\000g\000e\000t\000s\000\040\000i\000n\000\040\000C\000a\000n\000c\000e\000r}{chapter.2}% 30
\BOOKMARK [1][-]{section.2.2}{\376\377\000A\000i\000m\000s}{chapter.2}% 31
\BOOKMARK [1][-]{section.2.3}{\376\377\000T\000h\000e\000s\000i\000s\000\040\000O\000u\000t\000l\000i\000n\000e}{chapter.2}% 32
\BOOKMARK [0][-]{chapter.3}{\376\377\000C\000e\000l\000l\000\040\000C\000o\000m\000p\000e\000t\000i\000t\000i\000o\000n\000\040\000a\000n\000d\000\040\000t\000h\000e\000\040\000I\000m\000p\000o\000r\000t\000a\000n\000c\000e\000\040\000o\000f\000\040\000C\000r\000i\000t\000i\000c\000a\000l\000\040\000T\000h\000i\000n\000k\000i\000n\000g}{}% 33
\BOOKMARK [1][-]{section.3.1}{\376\377\000B\000r\000i\000e\000f\000\040\000I\000n\000t\000r\000o\000d\000u\000c\000t\000i\000o\000n\000\040\000t\000o\000\040\000C\000e\000l\000l\000\040\000C\000o\000m\000p\000e\000t\000i\000t\000i\000o\000n}{chapter.3}% 34
\BOOKMARK [1][-]{section.3.2}{\376\377\000M\000a\000t\000e\000r\000i\000a\000l\000s\000\040\000a\000n\000d\000\040\000M\000e\000t\000h\000o\000d\000s}{chapter.3}% 35
\BOOKMARK [2][-]{subsection.3.2.1}{\376\377\000N\000o\000n\000\040\000I\000n\000\040\000S\000i\000l\000i\000c\000o\000\040\000M\000e\000t\000h\000o\000d\000s}{section.3.2}% 36
\BOOKMARK [2][-]{subsection.3.2.2}{\376\377\000D\000a\000t\000a\000s\000e\000t\000\040\000P\000r\000e\000-\000P\000r\000o\000c\000e\000s\000s\000i\000n\000g\000\040\000a\000n\000d\000\040\000A\000l\000i\000g\000n\000m\000e\000n\000t}{section.3.2}% 37
\BOOKMARK [2][-]{subsection.3.2.3}{\376\377\000V\000a\000r\000i\000a\000n\000t\000\040\000C\000a\000l\000l\000i\000n\000g}{section.3.2}% 38
\BOOKMARK [2][-]{subsection.3.2.4}{\376\377\000R\000e\000a\000d\000\040\000c\000o\000u\000n\000t\000\040\000d\000a\000t\000a\000\040\000p\000r\000e\000-\000p\000r\000o\000c\000e\000s\000s\000i\000n\000g}{section.3.2}% 39
\BOOKMARK [2][-]{subsection.3.2.5}{\376\377\000D\000i\000f\000f\000e\000r\000e\000n\000t\000i\000a\000l\000\040\000e\000x\000p\000r\000e\000s\000s\000i\000o\000n\000\040\000a\000n\000a\000l\000y\000s\000i\000s\000\040}{section.3.2}% 40
\BOOKMARK [2][-]{subsection.3.2.6}{\376\377\000I\000n\000\040\000S\000i\000l\000i\000c\000o\000\040\000R\000e\000s\000o\000u\000r\000c\000e\000s}{section.3.2}% 41
\BOOKMARK [1][-]{section.3.3}{\376\377\000R\000e\000s\000u\000l\000t\000s\000\040\000a\000n\000d\000\040\000D\000i\000s\000c\000u\000s\000s\000i\000o\000n}{chapter.3}% 42
\BOOKMARK [2][-]{subsection.3.3.1}{\376\377\000A\000\040\000S\000u\000r\000p\000r\000i\000s\000i\000n\000g\000\040\000R\000e\000s\000u\000l\000t}{section.3.3}% 43
\BOOKMARK [2][-]{subsection.3.3.2}{\376\377\000B\000i\000o\000l\000o\000g\000i\000c\000a\000l\000\040\000K\000n\000o\000w\000l\000e\000d\000g\000e\000\040\000D\000r\000i\000v\000i\000n\000g\000\040\000M\000e\000t\000h\000o\000d\000o\000l\000o\000g\000i\000c\000a\000l\000\040\000C\000h\000o\000i\000c\000e\000s}{section.3.3}% 44
\BOOKMARK [0][-]{chapter.4}{\376\377\000T\000h\000e\000\040\000S\000G\000\040\000T\000r\000a\000n\000s\000c\000r\000i\000p\000t\000o\000m\000e}{}% 45
\BOOKMARK [1][-]{section.4.1}{\376\377\000M\000a\000t\000e\000r\000i\000a\000l\000s\000\040\000a\000n\000d\000\040\000M\000e\000t\000h\000o\000d\000s}{chapter.4}% 46
\BOOKMARK [2][-]{subsection.4.1.1}{\376\377\000D\000a\000t\000a\000s\000e\000t\000\040\000P\000r\000o\000c\000u\000r\000e\000m\000e\000n\000t\000\040\000a\000n\000d\000\040\000L\000i\000s\000t}{section.4.1}% 47
\BOOKMARK [2][-]{subsection.4.1.2}{\376\377\000C\000o\000r\000r\000e\000l\000a\000t\000i\000o\000n\000s}{section.4.1}% 48
\BOOKMARK [2][-]{subsection.4.1.3}{\376\377\000S\000a\000m\000p\000l\000i\000n\000g\000\040\000b\000i\000a\000s\000\040\000s\000i\000m\000u\000l\000a\000t\000i\000o\000n\000s\000\040\000\050\000M\000i\000m\000i\000-\000S\000e\000q\000\051}{section.4.1}% 49
\BOOKMARK [2][-]{subsection.4.1.4}{\376\377\000C\000e\000n\000t\000r\000i\000f\000u\000g\000a\000t\000i\000o\000n\000\040\000S\000i\000m\000u\000l\000a\000t\000i\000o\000n\000\040\000\050\000S\000p\000i\000n\000-\000S\000i\000m\000\051}{section.4.1}% 50
\BOOKMARK [2][-]{subsection.4.1.5}{\376\377\000I\000n\000\040\000S\000i\000l\000i\000c\000o\000\040\000R\000e\000s\000o\000u\000r\000c\000e\000s}{section.4.1}% 51
\BOOKMARK [1][-]{section.4.2}{\376\377\000S\000t\000a\000n\000d\000a\000r\000d\000\040\000B\000i\000o\000i\000n\000f\000o\000r\000m\000a\000t\000i\000c\000s\000\040\000A\000n\000a\000l\000y\000t\000i\000c\000a\000l\000\040\000P\000i\000p\000e\000l\000i\000n\000e}{chapter.4}% 52
\BOOKMARK [2][-]{subsection.4.2.1}{\376\377\000Q\000u\000a\000l\000i\000t\000y\000\040\000C\000o\000n\000t\000r\000o\000l\000:\000\040\000D\000a\000t\000a\000s\000e\000t\000\040\000P\000r\000e\000-\000p\000r\000o\000c\000e\000s\000s\000i\000n\000g}{section.4.2}% 53
\BOOKMARK [2][-]{subsection.4.2.2}{\376\377\000Q\000u\000a\000l\000i\000t\000y\000\040\000C\000o\000n\000t\000r\000o\000l\000:\000\040\000C\000o\000v\000e\000r\000a\000g\000e\000\040\000a\000n\000d\000\040\000C\000o\000m\000p\000l\000e\000x\000i\000t\000y}{section.4.2}% 54
\BOOKMARK [2][-]{subsection.4.2.3}{\376\377\000P\000r\000o\000c\000e\000s\000s\000i\000n\000g\000\040\000S\000t\000e\000p\000s\000:\000\040\000F\000i\000l\000t\000e\000r\000i\000n\000g\000\040\000a\000n\000d\000\040\000N\000o\000r\000m\000a\000l\000i\000s\000a\000t\000i\000o\000n}{section.4.2}% 55
\BOOKMARK [2][-]{subsection.4.2.4}{\376\377\000E\000x\000p\000l\000o\000r\000a\000t\000o\000r\000y\000\040\000A\000n\000a\000l\000y\000s\000i\000s\000:\000\040\000P\000C\000A}{section.4.2}% 56
\BOOKMARK [2][-]{subsection.4.2.5}{\376\377\000D\000i\000f\000f\000e\000r\000e\000n\000t\000i\000a\000l\000\040\000E\000x\000p\000r\000e\000s\000s\000i\000o\000n\000\040\000A\000n\000a\000l\000y\000s\000i\000s\000\040\040\023\000\040\000L\000i\000n\000e\000a\000r\000\040\000M\000o\000d\000e\000l\000l\000i\000n\000g}{section.4.2}% 57
\BOOKMARK [2][-]{subsection.4.2.6}{\376\377\000D\000i\000f\000f\000e\000r\000e\000n\000t\000i\000a\000l\000\040\000E\000x\000p\000r\000e\000s\000s\000i\000o\000n\000\040\000A\000n\000a\000l\000y\000s\000i\000s\000\040\040\023\000\040\000V\000o\000l\000c\000a\000n\000o\000\040\000P\000l\000o\000t\000s\000\040\000a\000n\000d\000\040\000G\000S\000E\000A}{section.4.2}% 58
\BOOKMARK [1][-]{section.4.3}{\376\377\000R\000e\000s\000u\000l\000t\000s\000\040\000a\000n\000d\000\040\000D\000i\000s\000c\000u\000s\000s\000i\000o\000n}{chapter.4}% 59
\BOOKMARK [2][-]{subsection.4.3.1}{\376\377\000D\000i\000f\000f\000e\000r\000e\000n\000t\000\040\000S\000G\000\040\000p\000u\000r\000i\000f\000i\000c\000a\000t\000i\000o\000n\000\040\000t\000e\000c\000h\000n\000i\000q\000u\000e\000s\000\040\000y\000i\000e\000l\000d\000\040\000d\000i\000f\000f\000e\000r\000e\000n\000t\000\040\000S\000G\000\040\000t\000r\000a\000n\000s\000c\000r\000i\000p\000t\000o\000m\000e\000s}{section.4.3}% 60
\BOOKMARK [2][-]{subsection.4.3.2}{\376\377\000S\000a\000m\000p\000l\000i\000n\000g\000\040\000b\000i\000a\000s\000\040\000d\000o\000e\000s\000\040\000n\000o\000t\000\040\000e\000x\000p\000l\000a\000i\000n\000\040\000t\000h\000e\000\040\000R\000N\000A\000\040\000l\000e\000n\000g\000t\000h\000\040\000b\000i\000a\000s\000\040\000i\000n\000\040\000D\000C\000-\000d\000e\000r\000i\000v\000e\000d\000\040\000S\000G\000s}{section.4.3}% 61
\BOOKMARK [2][-]{subsection.4.3.3}{\376\377\000S\000i\000m\000u\000l\000a\000t\000i\000o\000n\000\040\000o\000f\000\040\000t\000h\000e\000\040\000c\000e\000n\000t\000r\000i\000f\000u\000g\000a\000t\000i\000o\000n\000\040\000p\000r\000o\000c\000e\000s\000s\000\040\000y\000i\000e\000l\000d\000s\000\040\000R\000N\000A\000\040\000l\000e\000n\000g\000t\000h\000\040\000b\000i\000a\000s\000\040\000c\000o\000m\000p\000a\000t\000i\000b\000l\000e\000\040\000w\000i\000t\000h\000\040\000t\000h\000a\000t\000\040\000o\000b\000s\000e\000r\000v\000e\000d\000\040\000i\000n\000\040\000D\000C\000-\000i\000s\000o\000l\000a\000t\000e\000d\000\040\000S\000G\000s}{section.4.3}% 62
\BOOKMARK [2][-]{subsection.4.3.4}{\376\377\000C\000e\000n\000t\000r\000i\000f\000u\000g\000a\000t\000i\000o\000n\000\040\000s\000i\000m\000u\000l\000a\000t\000i\000o\000n\000\040\000w\000i\000t\000h\000\040\000a\000d\000d\000e\000d\000\040\000w\000e\000i\000g\000h\000t\000\040\000f\000r\000o\000m\000\040\000R\000N\000A\000\040\000m\000o\000d\000i\000f\000i\000c\000a\000t\000i\000o\000n\000s\000\040\000r\000e\000c\000a\000p\000i\000t\000u\000l\000a\000t\000e\000\040\000t\000h\000e\000i\000r\000\040\000e\000f\000f\000e\000c\000t\000\040\000i\000n\000\040\000D\000C\000-\000i\000s\000o\000l\000a\000t\000e\000d\000\040\000S\000G\000s}{section.4.3}% 63
\BOOKMARK [2][-]{subsection.4.3.5}{\376\377\000D\000i\000f\000f\000e\000r\000e\000n\000t\000i\000a\000l\000\040\000c\000e\000n\000t\000r\000i\000f\000u\000g\000a\000t\000i\000o\000n\000\040\000y\000i\000e\000l\000d\000s\000\040\000s\000i\000m\000i\000l\000a\000r\000\040\000t\000r\000a\000n\000s\000c\000r\000i\000p\000t\000o\000m\000e\000s\000\040\000f\000o\000r\000\040\000s\000t\000r\000e\000s\000s\000\040\000g\000r\000a\000n\000u\000l\000e\000s\000\040\000a\000n\000d\000\040\000o\000t\000h\000e\000r\000\040\000R\000N\000P\000\040\000g\000r\000a\000n\000u\000l\000e\000s}{section.4.3}% 64
\BOOKMARK [2][-]{subsection.4.3.6}{\376\377\000R\000e\000v\000i\000s\000i\000t\000i\000n\000g\000\040\000S\000t\000r\000e\000s\000s\000\040\000G\000r\000a\000n\000u\000l\000e\000\040\000T\000r\000a\000n\000s\000c\000r\000i\000p\000t\000o\000m\000e\000s\000\040\000R\000e\000v\000e\000a\000l\000s\000\040\000M\000i\000t\000o\000c\000h\000o\000n\000d\000r\000i\000a\000l\000\040\000R\000N\000A\000\040\000E\000n\000r\000i\000c\000h\000m\000e\000n\000t\000\040\000D\000e\000s\000p\000i\000t\000e\000\040\000M\000e\000t\000h\000o\000d\000o\000l\000o\000g\000i\000c\000a\000l\000\040\000B\000i\000a\000s}{section.4.3}% 65
\BOOKMARK [0][-]{chapter.5}{\376\377\000T\000h\000e\000\040\000S\000G\000\040\000"\000I\000n\000d\000i\000r\000e\000c\000t\000"\000\040\000P\000r\000o\000t\000e\000o\000m\000e}{}% 66
\BOOKMARK [1][-]{section.5.1}{\376\377\000M\000a\000t\000e\000r\000i\000a\000l\000s\000\040\000a\000n\000d\000\040\000M\000e\000t\000h\000o\000d\000s}{chapter.5}% 67
\BOOKMARK [2][-]{subsection.5.1.1}{\376\377\000D\000a\000t\000a\000s\000e\000t\000\040\000P\000r\000o\000c\000u\000r\000e\000m\000e\000n\000t\000\040\000a\000n\000d\000\040\000L\000i\000s\000t}{section.5.1}% 68
\BOOKMARK [2][-]{subsection.5.1.2}{\376\377\000C\000o\000r\000r\000e\000l\000a\000t\000i\000o\000n\000s}{section.5.1}% 69
\BOOKMARK [2][-]{subsection.5.1.3}{\376\377\000D\000i\000f\000f\000e\000r\000e\000n\000t\000i\000a\000l\000\040\000s\000p\000l\000i\000c\000i\000n\000g\000\040\000a\000n\000a\000l\000y\000s\000i\000s}{section.5.1}% 70
\BOOKMARK [2][-]{subsection.5.1.4}{\376\377\000I\000n\000\040\000S\000i\000l\000i\000c\000o\000\040\000R\000e\000s\000o\000u\000r\000c\000e\000s}{section.5.1}% 71
\BOOKMARK [2][-]{subsection.5.1.5}{\376\377\000U\0002\000-\000O\000S\000\040\000g\000r\000o\000w\000t\000h\000\040\000c\000o\000n\000d\000i\000t\000i\000o\000n\000s}{section.5.1}% 72
\BOOKMARK [2][-]{subsection.5.1.6}{\376\377\000S\000t\000r\000e\000s\000s\000\040\000c\000o\000n\000d\000i\000t\000i\000o\000n\000s}{section.5.1}% 73
\BOOKMARK [2][-]{subsection.5.1.7}{\376\377\000I\000m\000m\000u\000n\000o\000f\000l\000u\000o\000r\000e\000s\000c\000e\000n\000c\000e}{section.5.1}% 74
\BOOKMARK [2][-]{subsection.5.1.8}{\376\377\000M\000i\000c\000r\000o\000s\000c\000o\000p\000y\000\040\000a\000n\000d\000\040\000i\000m\000a\000g\000e\000\040\000a\000n\000a\000l\000y\000s\000i\000s}{section.5.1}% 75
\BOOKMARK [1][-]{section.5.2}{\376\377\000R\000e\000s\000u\000l\000t\000s\000\040\000a\000n\000d\000\040\000D\000i\000s\000c\000u\000s\000s\000i\000o\000n}{chapter.5}% 76
\BOOKMARK [2][-]{subsection.5.2.1}{\376\377\000S\000e\000q\000u\000e\000s\000t\000r\000a\000t\000i\000o\000n\000\040\000o\000f\000\040\000T\000I\000A\0001\000\040\000i\000n\000\040\000S\000G\000s\000\040\000r\000e\000c\000a\000p\000i\000t\000u\000l\000a\000t\000e\000s\000\040\000s\000p\000l\000i\000c\000i\000n\000g\000\040\000a\000l\000t\000e\000r\000a\000t\000i\000o\000n\000s\000\040\000f\000r\000o\000m\000\040\000T\000I\000A\0001\000\040\000d\000e\000p\000l\000e\000t\000i\000o\000n}{section.5.2}% 77
\BOOKMARK [0][-]{chapter.6}{\376\377\000C\000h\000a\000r\000m\000:\000\040\000C\000o\000m\000p\000r\000e\000h\000e\000n\000s\000i\000v\000e\000\040\000H\000u\000b\000\040\000f\000o\000r\000\040\000A\000l\000t\000e\000r\000n\000a\000t\000i\000v\000e\000\040\000R\000e\000g\000u\000l\000a\000t\000o\000r\000y\000\040\000M\000a\000p\000p\000i\000n\000g\000\040\000o\000f\000\040\000R\000B\000P\000s}{}% 78
\BOOKMARK [1][-]{section.6.1}{\376\377\000M\000a\000t\000e\000r\000i\000a\000l\000s\000\040\000a\000n\000d\000\040\000M\000e\000t\000h\000o\000d\000s}{chapter.6}% 79
\BOOKMARK [2][-]{subsection.6.1.1}{\376\377\000D\000i\000f\000f\000e\000r\000e\000n\000t\000i\000a\000l\000\040\000s\000p\000l\000i\000c\000i\000n\000g\000\040\000a\000n\000a\000l\000y\000s\000i\000s}{section.6.1}% 80
\BOOKMARK [2][-]{subsection.6.1.2}{\376\377\000I\000n\000\040\000S\000i\000l\000i\000c\000o\000\040\000R\000e\000s\000o\000u\000r\000c\000e\000s}{section.6.1}% 81
\BOOKMARK [1][-]{section.6.2}{\376\377\000R\000B\000P\000\040\000b\000i\000n\000d\000i\000n\000g\000\040\000a\000n\000a\000l\000y\000s\000e\000s\000\040\000p\000i\000p\000e\000l\000i\000n\000e\000\040\000\050\000e\000C\000L\000I\000P\000S\000E\000\051}{chapter.6}% 82
\BOOKMARK [2][-]{subsection.6.2.1}{\376\377\000S\000p\000l\000i\000c\000i\000n\000g\000-\000g\000e\000n\000o\000m\000e\000\040\000c\000r\000e\000a\000t\000i\000o\000n}{section.6.2}% 83
\BOOKMARK [2][-]{subsection.6.2.2}{\376\377\000e\000C\000L\000I\000P\000\040\000s\000a\000m\000p\000l\000e\000s}{section.6.2}% 84
\BOOKMARK [2][-]{subsection.6.2.3}{\376\377\000B\000i\000n\000d\000i\000n\000g\000\040\000M\000e\000t\000a\000g\000e\000n\000o\000m\000e\000\040\000A\000s\000s\000e\000m\000b\000l\000y}{section.6.2}% 85
\BOOKMARK [2][-]{subsection.6.2.4}{\376\377\000R\000N\000A\000-\000b\000i\000n\000d\000i\000n\000g\000\040\000m\000a\000p\000s}{section.6.2}% 86
\BOOKMARK [1][-]{section.6.3}{\376\377\000F\000r\000o\000m\000\040\000e\000C\000L\000I\000P\000S\000E\000\040\000t\000o\000\040\000C\000H\000A\000R\000M}{chapter.6}% 87
\BOOKMARK [2][-]{subsection.6.3.1}{\376\377\000E\000x\000p\000r\000e\000s\000s\000i\000o\000n}{section.6.3}% 88
\BOOKMARK [2][-]{subsection.6.3.2}{\376\377\000S\000p\000l\000i\000c\000i\000n\000g}{section.6.3}% 89
\BOOKMARK [2][-]{subsection.6.3.3}{\376\377\000B\000i\000n\000d\000i\000n\000g}{section.6.3}% 90
\BOOKMARK [0][-]{chapter.7}{\376\377\000T\000h\000e\000\040\000W\000C\000\040\000T\000r\000a\000n\000s\000c\000r\000i\000p\000t\000o\000m\000e}{}% 91
\BOOKMARK [1][-]{section.7.1}{\376\377\000M\000a\000t\000e\000r\000i\000a\000l\000s\000\040\000a\000n\000d\000\040\000M\000e\000t\000h\000o\000d\000s}{chapter.7}% 92
\BOOKMARK [2][-]{subsection.7.1.1}{\376\377\000D\000a\000t\000a\000s\000e\000t\000\040\000P\000r\000o\000c\000u\000r\000e\000m\000e\000n\000t}{section.7.1}% 93
\BOOKMARK [2][-]{subsection.7.1.2}{\376\377\000D\000a\000t\000a\000s\000e\000t\000\040\000P\000r\000e\000-\000p\000r\000o\000c\000e\000s\000s\000i\000n\000g}{section.7.1}% 94
\BOOKMARK [2][-]{subsection.7.1.3}{\376\377\000C\000o\000r\000r\000e\000l\000a\000t\000i\000o\000n\000s}{section.7.1}% 95
\BOOKMARK [2][-]{subsection.7.1.4}{\376\377\000D\000G\000E\000A}{section.7.1}% 96
\BOOKMARK [2][-]{subsection.7.1.5}{\376\377\000G\000S\000E\000A}{section.7.1}% 97
\BOOKMARK [2][-]{subsection.7.1.6}{\376\377\000I\000n\000\040\000S\000i\000l\000i\000c\000o\000\040\000R\000e\000s\000o\000u\000r\000c\000e\000s}{section.7.1}% 98
\BOOKMARK [1][-]{section.7.2}{\376\377\000v\000o\000y\000A\000G\000E\000r\000:\000\040\000a\000\040\000f\000r\000e\000e\000\040\000w\000e\000b\000\040\000i\000n\000t\000e\000r\000f\000a\000c\000e\000\040\000f\000o\000r\000\040\000t\000h\000e\000\040\000a\000n\000a\000l\000y\000s\000i\000s\000\040\000o\000f\000\040\000a\000g\000e\000-\000r\000e\000l\000a\000t\000e\000d\000\040\000g\000e\000n\000e\000\040\000e\000x\000p\000r\000e\000s\000s\000i\000o\000n\000\040\000a\000l\000t\000e\000r\000a\000t\000i\000o\000n\000s\000\040\000i\000n\000\040\000h\000u\000m\000a\000n\000\040\000t\000i\000s\000s\000u\000e\000s}{chapter.7}% 99
\BOOKMARK [2][-]{subsection.7.2.1}{\376\377\000S\000a\000m\000p\000l\000e\000\040\000O\000r\000i\000g\000i\000n\000\040\000a\000s\000\040\000a\000\040\000C\000o\000n\000f\000o\000u\000n\000d\000e\000r}{section.7.2}% 100
\BOOKMARK [2][-]{subsection.7.2.2}{\376\377\000B\000a\000t\000c\000h\000\040\000C\000o\000r\000r\000e\000c\000t\000i\000o\000n\000\040\000a\000s\000\040\000a\000\040\000S\000o\000l\000u\000t\000i\000o\000n}{section.7.2}% 101
\BOOKMARK [1][-]{section.7.3}{\376\377\000W\000h\000a\000t\000\040\000c\000h\000a\000n\000g\000e\000s\000\040\000o\000n\000\040\000a\000\040\000c\000e\000l\000l\000\040\000u\000p\000o\000n\000\040\000S\000G\000\040\000a\000s\000s\000e\000m\000b\000l\000y\000?}{chapter.7}% 102
\BOOKMARK [2][-]{subsection.7.3.1}{\376\377\000S\000G\000s\000\040\000a\000r\000e\000\040\000a\000n\000t\000i\000-\000i\000n\000f\000l\000a\000m\000m\000a\000t\000o\000r\000y}{section.7.3}% 103
\BOOKMARK [2][-]{subsection.7.3.2}{\376\377\000S\000G\000s\000\040\000h\000a\000v\000e\000\040\000o\000p\000p\000o\000s\000i\000t\000e\000\040\000r\000o\000l\000e\000s\000\040\000t\000o\000\040\000s\000e\000n\000e\000s\000c\000e\000n\000c\000e}{section.7.3}% 104
\BOOKMARK [0][-]{chapter.8}{\376\377\000S\000G\000s\000\040\000a\000n\000d\000\040\000C\000a\000n\000c\000e\000r}{}% 105
\BOOKMARK [1][-]{section.8.1}{\376\377\000I\000n\000f\000l\000a\000m\000m\000a\000t\000i\000o\000n\000:\000\040\000A\000\040\000D\000o\000u\000b\000l\000e\000\040\000A\000g\000e\000n\000t\000\040\000i\000n\000\040\000P\000l\000a\000i\000n\000\040\000S\000i\000g\000h\000t}{chapter.8}% 106
\BOOKMARK [1][-]{section.8.2}{\376\377\000M\000a\000t\000e\000r\000i\000a\000l\000s\000\040\000a\000n\000d\000\040\000M\000e\000t\000h\000o\000d\000s}{chapter.8}% 107
\BOOKMARK [2][-]{subsection.8.2.1}{\376\377\000T\000C\000G\000A\000\040\000e\000x\000p\000r\000e\000s\000s\000i\000o\000n\000\040\000d\000a\000t\000a}{section.8.2}% 108
\BOOKMARK [2][-]{subsection.8.2.2}{\376\377\000T\000C\000G\000A\000\040\000p\000r\000e\000p\000r\000o\000c\000e\000s\000s\000i\000n\000g}{section.8.2}% 109
\BOOKMARK [2][-]{subsection.8.2.3}{\376\377\000D\000G\000E\000A}{section.8.2}% 110
\BOOKMARK [2][-]{subsection.8.2.4}{\376\377\000G\000S\000E\000A}{section.8.2}% 111
\BOOKMARK [2][-]{subsection.8.2.5}{\376\377\000A\000l\000t\000e\000r\000n\000a\000t\000i\000v\000e\000\040\000H\000y\000p\000o\000t\000h\000e\000s\000i\000s\000\040\000T\000e\000s\000t\000i\000n\000g\000\040\000f\000o\000r\000\040\000S\000G\000\040\000I\000m\000p\000l\000i\000c\000a\000t\000i\000o\000n\000\040\000i\000n\000\040\000C\000a\000n\000c\000e\000r}{section.8.2}% 112
\BOOKMARK [2][-]{subsection.8.2.6}{\376\377\000S\000G\000\040\000S\000i\000g\000n\000a\000t\000u\000r\000e}{section.8.2}% 113
\BOOKMARK [2][-]{subsection.8.2.7}{\376\377\000S\000u\000r\000v\000i\000v\000a\000l\000\040\000A\000n\000a\000l\000y\000s\000i\000s}{section.8.2}% 114
\BOOKMARK [2][-]{subsection.8.2.8}{\376\377\000I\000n\000\040\000S\000i\000l\000i\000c\000o\000\040\000R\000e\000s\000o\000u\000r\000c\000e\000s}{section.8.2}% 115
\BOOKMARK [1][-]{section.8.3}{\376\377\000T\000h\000e\000\040\000P\000r\000o\000b\000l\000e\000m\000\040\000w\000i\000t\000h\000\040\000S\000i\000n\000g\000l\000e\000-\000G\000e\000n\000e\000\040\000A\000p\000p\000r\000o\000a\000c\000h\000e\000s\000\040\000i\000n\000\040\000S\000G\000\040\000S\000t\000u\000d\000i\000e\000s}{chapter.8}% 116
\BOOKMARK [2][-]{subsection.8.3.1}{\376\377\000I\000n\000\040\000M\000e\000t\000a\000s\000t\000a\000s\000i\000s}{section.8.3}% 117
\BOOKMARK [2][-]{subsection.8.3.2}{\376\377\000I\000n\000\040\000C\000h\000e\000m\000o\000r\000e\000s\000i\000s\000t\000a\000n\000c\000e}{section.8.3}% 118
\BOOKMARK [1][-]{section.8.4}{\376\377\000T\000h\000e\000\040\000S\000G\000\040\000S\000c\000o\000r\000e}{chapter.8}% 119
\BOOKMARK [2][-]{subsection.8.4.1}{\376\377\000C\000o\000n\000s\000t\000r\000u\000c\000t\000i\000n\000g\000\040\000a\000\040\000S\000G\000\040\000T\000r\000a\000n\000s\000c\000r\000i\000p\000t\000o\000m\000i\000c\000\040\000S\000i\000g\000n\000a\000t\000u\000r\000e}{section.8.4}% 120
\BOOKMARK [2][-]{subsection.8.4.2}{\376\377\000S\000G\000s\000\040\000a\000s\000\040\000S\000u\000r\000v\000i\000v\000a\000l\000\040\000B\000i\000o\000m\000a\000r\000k\000e\000r\000s}{section.8.4}% 121
\BOOKMARK [2][-]{subsection.8.4.3}{\376\377\000M\000e\000c\000h\000a\000n\000i\000s\000t\000i\000c\000\040\000B\000a\000s\000i\000s\000\040\000o\000f\000\040\000S\000G\000\040\000P\000r\000o\000g\000n\000o\000s\000t\000i\000c\000\040\000A\000s\000s\000o\000c\000i\000a\000t\000i\000o\000n\000s}{section.8.4}% 122
\BOOKMARK [0][-]{chapter.9}{\376\377\000M\000i\000t\000o\000c\000h\000o\000n\000d\000r\000i\000a\000,\000\040\000S\000G\000s\000\040\000a\000n\000d\000\040\000I\000n\000f\000l\000a\000m\000m\000a\000t\000i\000o\000n\000:\000\040\000A\000\040\000n\000o\000v\000e\000l\000\040\000r\000e\000g\000u\000l\000a\000t\000o\000r\000y\000\040\000t\000r\000i\000a\000d\000e}{}% 123
\BOOKMARK [1][-]{section.9.1}{\376\377\000M\000a\000t\000e\000r\000i\000a\000l\000s\000\040\000a\000n\000d\000\040\000M\000e\000t\000h\000o\000d\000s}{chapter.9}% 124
\BOOKMARK [2][-]{subsection.9.1.1}{\376\377\000U\000-\0002\000\040\000O\000S\000\040\000g\000r\000o\000w\000t\000h\000\040\000c\000o\000n\000d\000i\000t\000i\000o\000n\000s}{section.9.1}% 125
\BOOKMARK [2][-]{subsection.9.1.2}{\376\377\000S\000t\000r\000e\000s\000s\000\040\000c\000o\000n\000d\000i\000t\000i\000o\000n\000s}{section.9.1}% 126
\BOOKMARK [2][-]{subsection.9.1.3}{\376\377\000I\000m\000m\000u\000n\000o\000f\000l\000u\000o\000r\000e\000s\000c\000e\000n\000c\000e}{section.9.1}% 127
\BOOKMARK [2][-]{subsection.9.1.4}{\376\377\000M\000i\000c\000r\000o\000s\000c\000o\000p\000y\000\040\000a\000n\000d\000\040\000i\000m\000a\000g\000e\000\040\000a\000n\000a\000l\000y\000s\000i\000s}{section.9.1}% 128
\BOOKMARK [1][-]{section.9.2}{\376\377\000M\000i\000t\000o\000c\000h\000o\000n\000d\000r\000i\000a\000l\000\040\000P\000r\000e\000a\000m\000i\000b\000i\000l\000i\000t\000y\000\040\000i\000s\000\040\000n\000e\000c\000e\000s\000s\000a\000r\000y\000\040\000f\000o\000r\000\040\000S\000G\000\040\000a\000s\000s\000e\000m\000b\000l\000y}{chapter.9}% 129
\BOOKMARK [1][-]{section.9.3}{\376\377\000m\000t\000R\000N\000A\000\040\000i\000s\000\040\000e\000n\000r\000i\000c\000h\000e\000d\000\040\000i\000n\000\040\000t\000h\000e\000\040\000S\000G}{chapter.9}% 130
\BOOKMARK [0][-]{chapter.10}{\376\377\000D\000i\000s\000c\000u\000s\000s\000i\000o\000n}{}% 131
